#
# There is insufficient memory for the Java Runtime Environment to continue.
# Native memory allocation (malloc) failed to allocate 217776 bytes for Chunk::new
# Possible reasons:
#   The system is out of physical RAM or swap space
#   The process is running with CompressedOops enabled, and the Java Heap may be blocking the growth of the native heap
# Possible solutions:
#   Reduce memory load on the system
#   Increase physical memory or swap space
#   Check if swap backing store is full
#   Decrease Java heap size (-Xmx/-Xms)
#   Decrease number of Java threads
#   Decrease Java thread stack sizes (-Xss)
#   Set larger code cache with -XX:ReservedCodeCacheSize=
#   JVM is running with Unscaled Compressed Oops mode in which the Java heap is
#     placed in the first 4GB address space. The Java Heap base address is the
#     maximum limit for the native heap growth. Please use -XX:HeapBaseMinAddress
#     to set the Java Heap base and to place the Java Heap above 4GB virtual address.
# This output file may be truncated or incomplete.
#
#  Out of Memory Error (./open/src/hotspot/share/memory/arena.cpp:197), pid=20680, tid=8656
#
# JRE version: Java(TM) SE Runtime Environment 18.9 (11.0.16.1+1) (build 11.0.16.1+1-LTS-1)
# Java VM: Java HotSpot(TM) 64-Bit Server VM 18.9 (11.0.16.1+1-LTS-1, mixed mode, tiered, compressed oops, g1 gc, windows-amd64)
# No core dump will be written. Minidumps are not enabled by default on client versions of Windows
#

---------------  S U M M A R Y ------------

Command Line: -Xmx64m -Xms64m -Dorg.gradle.appname=gradlew org.gradle.wrapper.GradleWrapperMain tasks

Host: Intel(R) Core(TM) i5-8350U CPU @ 1.70GHz, 8 cores, 15G,  Windows 11 , 64 bit Build 22621 (10.0.22621.2070)
Time: Fri Aug 18 15:23:41 2023 India Standard Time elapsed time: 14.007210 seconds (0d 0h 0m 14s)

---------------  T H R E A D  ---------------

Current thread (0x00000208652df000):  JavaThread "C2 CompilerThread0" daemon [_thread_in_native, id=8656, stack(0x0000004cece00000,0x0000004cecf00000)]


Current CompileTask:
C2:  14007  618       4       java.util.HashMap::putVal (300 bytes)

Stack: [0x0000004cece00000,0x0000004cecf00000]
Native frames: (J=compiled Java code, j=interpreted, Vv=VM code, C=native code)
V  [jvm.dll+0x62a3da]
V  [jvm.dll+0x76407f]
V  [jvm.dll+0x765729]
V  [jvm.dll+0x765db3]
V  [jvm.dll+0x23dc18]
V  [jvm.dll+0xb2a1c]
V  [jvm.dll+0xb2fdc]
V  [jvm.dll+0x2ae994]
V  [jvm.dll+0x53d98b]
V  [jvm.dll+0x1fa0a9]
V  [jvm.dll+0x1f774d]
V  [jvm.dll+0x177c81]
V  [jvm.dll+0x207186]
V  [jvm.dll+0x20531b]
V  [jvm.dll+0x729f60]
V  [jvm.dll+0x722b34]
V  [jvm.dll+0x629276]
C  [ucrtbase.dll+0x29363]
C  [KERNEL32.DLL+0x126ad]
C  [ntdll.dll+0x5aa68]


---------------  P R O C E S S  ---------------

Threads class SMR info:
_java_thread_list=0x0000020865d73220, length=10, elements={
0x0000020849d13000, 0x000002086526c800, 0x0000020865275800, 0x00000208652d9800,
0x00000208652dc000, 0x00000208652dd000, 0x00000208652df000, 0x0000020865283000,
0x0000020865289800, 0x0000020865d85000
}

Java Threads: ( => current thread )
  0x0000020849d13000 JavaThread "main" [_thread_in_vm, id=22700, stack(0x0000004cec200000,0x0000004cec300000)]
  0x000002086526c800 JavaThread "Reference Handler" daemon [_thread_blocked, id=23460, stack(0x0000004cec900000,0x0000004ceca00000)]
  0x0000020865275800 JavaThread "Finalizer" daemon [_thread_blocked, id=23132, stack(0x0000004ceca00000,0x0000004cecb00000)]
  0x00000208652d9800 JavaThread "Signal Dispatcher" daemon [_thread_blocked, id=14688, stack(0x0000004cecb00000,0x0000004cecc00000)]
  0x00000208652dc000 JavaThread "Attach Listener" daemon [_thread_blocked, id=12224, stack(0x0000004cecc00000,0x0000004cecd00000)]
  0x00000208652dd000 JavaThread "Service Thread" daemon [_thread_blocked, id=15180, stack(0x0000004cecd00000,0x0000004cece00000)]
=>0x00000208652df000 JavaThread "C2 CompilerThread0" daemon [_thread_in_native, id=8656, stack(0x0000004cece00000,0x0000004cecf00000)]
  0x0000020865283000 JavaThread "C1 CompilerThread0" daemon [_thread_blocked, id=6812, stack(0x0000004cecf00000,0x0000004ced000000)]
  0x0000020865289800 JavaThread "Sweeper thread" daemon [_thread_blocked, id=16544, stack(0x0000004ced000000,0x0000004ced100000)]
  0x0000020865d85000 JavaThread "Common-Cleaner" daemon [_thread_blocked, id=1308, stack(0x0000004ced200000,0x0000004ced300000)]

Other Threads:
  0x0000020865248000 VMThread "VM Thread" [stack: 0x0000004cec800000,0x0000004cec900000] [id=19488]
  0x0000020865d84000 WatcherThread [stack: 0x0000004ced100000,0x0000004ced200000] [id=8800]
  0x0000020849d2a800 GCTaskThread "GC Thread#0" [stack: 0x0000004cec300000,0x0000004cec400000] [id=20580]
  0x0000020849d30000 ConcurrentGCThread "G1 Main Marker" [stack: 0x0000004cec400000,0x0000004cec500000] [id=18520]
  0x0000020849d32800 ConcurrentGCThread "G1 Conc#0" [stack: 0x0000004cec500000,0x0000004cec600000] [id=7236]
  0x0000020849d9a800 ConcurrentGCThread "G1 Refine#0" [stack: 0x0000004cec600000,0x0000004cec700000] [id=18704]
  0x0000020849d9c000 ConcurrentGCThread "G1 Young RemSet Sampling" [stack: 0x0000004cec700000,0x0000004cec800000] [id=23288]

Threads with active compile tasks:
C2 CompilerThread0    14044  618       4       java.util.HashMap::putVal (300 bytes)

VM state:not at safepoint (normal execution)

VM Mutex/Monitor currently owned by a thread: None

OutOfMemory and StackOverflow Exception counts:
OutOfMemoryError java_heap_errors=5
LinkageErrors=3

Heap address: 0x00000000fc000000, size: 64 MB, Compressed Oops mode: 32-bit
Narrow klass base: 0x0000000000000000, Narrow klass shift: 3
Compressed class space size: 1073741824 Address: 0x0000000100000000

Heap:
 garbage-first heap   total 65536K, used 13312K [0x00000000fc000000, 0x0000000100000000)
  region size 1024K, 15 young (15360K), 0 survivors (0K)
 Metaspace       used 7737K, capacity 7952K, committed 8192K, reserved 1060864K
  class space    used 698K, capacity 754K, committed 768K, reserved 1048576K
Heap Regions: E=young(eden), S=young(survivor), O=old, HS=humongous(starts), HC=humongous(continues), CS=collection set, F=free, A=archive, TAMS=top-at-mark-start (previous, next)
|   0|0x00000000fc000000, 0x00000000fc000000, 0x00000000fc100000|  0%| F|  |TAMS 0x00000000fc000000, 0x00000000fc000000| Untracked 
|   1|0x00000000fc100000, 0x00000000fc100000, 0x00000000fc200000|  0%| F|  |TAMS 0x00000000fc100000, 0x00000000fc100000| Untracked 
|   2|0x00000000fc200000, 0x00000000fc200000, 0x00000000fc300000|  0%| F|  |TAMS 0x00000000fc200000, 0x00000000fc200000| Untracked 
|   3|0x00000000fc300000, 0x00000000fc300000, 0x00000000fc400000|  0%| F|  |TAMS 0x00000000fc300000, 0x00000000fc300000| Untracked 
|   4|0x00000000fc400000, 0x00000000fc400000, 0x00000000fc500000|  0%| F|  |TAMS 0x00000000fc400000, 0x00000000fc400000| Untracked 
|   5|0x00000000fc500000, 0x00000000fc500000, 0x00000000fc600000|  0%| F|  |TAMS 0x00000000fc500000, 0x00000000fc500000| Untracked 
|   6|0x00000000fc600000, 0x00000000fc600000, 0x00000000fc700000|  0%| F|  |TAMS 0x00000000fc600000, 0x00000000fc600000| Untracked 
|   7|0x00000000fc700000, 0x00000000fc700000, 0x00000000fc800000|  0%| F|  |TAMS 0x00000000fc700000, 0x00000000fc700000| Untracked 
|   8|0x00000000fc800000, 0x00000000fc800000, 0x00000000fc900000|  0%| F|  |TAMS 0x00000000fc800000, 0x00000000fc800000| Untracked 
|   9|0x00000000fc900000, 0x00000000fc900000, 0x00000000fca00000|  0%| F|  |TAMS 0x00000000fc900000, 0x00000000fc900000| Untracked 
|  10|0x00000000fca00000, 0x00000000fca00000, 0x00000000fcb00000|  0%| F|  |TAMS 0x00000000fca00000, 0x00000000fca00000| Untracked 
|  11|0x00000000fcb00000, 0x00000000fcb00000, 0x00000000fcc00000|  0%| F|  |TAMS 0x00000000fcb00000, 0x00000000fcb00000| Untracked 
|  12|0x00000000fcc00000, 0x00000000fcc00000, 0x00000000fcd00000|  0%| F|  |TAMS 0x00000000fcc00000, 0x00000000fcc00000| Untracked 
|  13|0x00000000fcd00000, 0x00000000fcd00000, 0x00000000fce00000|  0%| F|  |TAMS 0x00000000fcd00000, 0x00000000fcd00000| Untracked 
|  14|0x00000000fce00000, 0x00000000fce00000, 0x00000000fcf00000|  0%| F|  |TAMS 0x00000000fce00000, 0x00000000fce00000| Untracked 
|  15|0x00000000fcf00000, 0x00000000fcf00000, 0x00000000fd000000|  0%| F|  |TAMS 0x00000000fcf00000, 0x00000000fcf00000| Untracked 
|  16|0x00000000fd000000, 0x00000000fd000000, 0x00000000fd100000|  0%| F|  |TAMS 0x00000000fd000000, 0x00000000fd000000| Untracked 
|  17|0x00000000fd100000, 0x00000000fd100000, 0x00000000fd200000|  0%| F|  |TAMS 0x00000000fd100000, 0x00000000fd100000| Untracked 
|  18|0x00000000fd200000, 0x00000000fd200000, 0x00000000fd300000|  0%| F|  |TAMS 0x00000000fd200000, 0x00000000fd200000| Untracked 
|  19|0x00000000fd300000, 0x00000000fd300000, 0x00000000fd400000|  0%| F|  |TAMS 0x00000000fd300000, 0x00000000fd300000| Untracked 
|  20|0x00000000fd400000, 0x00000000fd400000, 0x00000000fd500000|  0%| F|  |TAMS 0x00000000fd400000, 0x00000000fd400000| Untracked 
|  21|0x00000000fd500000, 0x00000000fd500000, 0x00000000fd600000|  0%| F|  |TAMS 0x00000000fd500000, 0x00000000fd500000| Untracked 
|  22|0x00000000fd600000, 0x00000000fd600000, 0x00000000fd700000|  0%| F|  |TAMS 0x00000000fd600000, 0x00000000fd600000| Untracked 
|  23|0x00000000fd700000, 0x00000000fd700000, 0x00000000fd800000|  0%| F|  |TAMS 0x00000000fd700000, 0x00000000fd700000| Untracked 
|  24|0x00000000fd800000, 0x00000000fd800000, 0x00000000fd900000|  0%| F|  |TAMS 0x00000000fd800000, 0x00000000fd800000| Untracked 
|  25|0x00000000fd900000, 0x00000000fd900000, 0x00000000fda00000|  0%| F|  |TAMS 0x00000000fd900000, 0x00000000fd900000| Untracked 
|  26|0x00000000fda00000, 0x00000000fda00000, 0x00000000fdb00000|  0%| F|  |TAMS 0x00000000fda00000, 0x00000000fda00000| Untracked 
|  27|0x00000000fdb00000, 0x00000000fdb00000, 0x00000000fdc00000|  0%| F|  |TAMS 0x00000000fdb00000, 0x00000000fdb00000| Untracked 
|  28|0x00000000fdc00000, 0x00000000fdc00000, 0x00000000fdd00000|  0%| F|  |TAMS 0x00000000fdc00000, 0x00000000fdc00000| Untracked 
|  29|0x00000000fdd00000, 0x00000000fdd00000, 0x00000000fde00000|  0%| F|  |TAMS 0x00000000fdd00000, 0x00000000fdd00000| Untracked 
|  30|0x00000000fde00000, 0x00000000fde00000, 0x00000000fdf00000|  0%| F|  |TAMS 0x00000000fde00000, 0x00000000fde00000| Untracked 
|  31|0x00000000fdf00000, 0x00000000fdf00000, 0x00000000fe000000|  0%| F|  |TAMS 0x00000000fdf00000, 0x00000000fdf00000| Untracked 
|  32|0x00000000fe000000, 0x00000000fe000000, 0x00000000fe100000|  0%| F|  |TAMS 0x00000000fe000000, 0x00000000fe000000| Untracked 
|  33|0x00000000fe100000, 0x00000000fe100000, 0x00000000fe200000|  0%| F|  |TAMS 0x00000000fe100000, 0x00000000fe100000| Untracked 
|  34|0x00000000fe200000, 0x00000000fe200000, 0x00000000fe300000|  0%| F|  |TAMS 0x00000000fe200000, 0x00000000fe200000| Untracked 
|  35|0x00000000fe300000, 0x00000000fe300000, 0x00000000fe400000|  0%| F|  |TAMS 0x00000000fe300000, 0x00000000fe300000| Untracked 
|  36|0x00000000fe400000, 0x00000000fe400000, 0x00000000fe500000|  0%| F|  |TAMS 0x00000000fe400000, 0x00000000fe400000| Untracked 
|  37|0x00000000fe500000, 0x00000000fe500000, 0x00000000fe600000|  0%| F|  |TAMS 0x00000000fe500000, 0x00000000fe500000| Untracked 
|  38|0x00000000fe600000, 0x00000000fe600000, 0x00000000fe700000|  0%| F|  |TAMS 0x00000000fe600000, 0x00000000fe600000| Untracked 
|  39|0x00000000fe700000, 0x00000000fe700000, 0x00000000fe800000|  0%| F|  |TAMS 0x00000000fe700000, 0x00000000fe700000| Untracked 
|  40|0x00000000fe800000, 0x00000000fe800000, 0x00000000fe900000|  0%| F|  |TAMS 0x00000000fe800000, 0x00000000fe800000| Untracked 
|  41|0x00000000fe900000, 0x00000000fe900000, 0x00000000fea00000|  0%| F|  |TAMS 0x00000000fe900000, 0x00000000fe900000| Untracked 
|  42|0x00000000fea00000, 0x00000000fea00000, 0x00000000feb00000|  0%| F|  |TAMS 0x00000000fea00000, 0x00000000fea00000| Untracked 
|  43|0x00000000feb00000, 0x00000000feb00000, 0x00000000fec00000|  0%| F|  |TAMS 0x00000000feb00000, 0x00000000feb00000| Untracked 
|  44|0x00000000fec00000, 0x00000000fec00000, 0x00000000fed00000|  0%| F|  |TAMS 0x00000000fec00000, 0x00000000fec00000| Untracked 
|  45|0x00000000fed00000, 0x00000000fed00000, 0x00000000fee00000|  0%| F|  |TAMS 0x00000000fed00000, 0x00000000fed00000| Untracked 
|  46|0x00000000fee00000, 0x00000000fee00000, 0x00000000fef00000|  0%| F|  |TAMS 0x00000000fee00000, 0x00000000fee00000| Untracked 
|  47|0x00000000fef00000, 0x00000000fef00000, 0x00000000ff000000|  0%| F|  |TAMS 0x00000000fef00000, 0x00000000fef00000| Untracked 
|  48|0x00000000ff000000, 0x00000000ff000000, 0x00000000ff100000|  0%| F|  |TAMS 0x00000000ff000000, 0x00000000ff000000| Untracked 
|  49|0x00000000ff100000, 0x00000000ff17df38, 0x00000000ff200000| 49%| E|  |TAMS 0x00000000ff100000, 0x00000000ff100000| Complete 
|  50|0x00000000ff200000, 0x00000000ff300000, 0x00000000ff300000|100%| E|CS|TAMS 0x00000000ff200000, 0x00000000ff200000| Complete 
|  51|0x00000000ff300000, 0x00000000ff400000, 0x00000000ff400000|100%| E|CS|TAMS 0x00000000ff300000, 0x00000000ff300000| Complete 
|  52|0x00000000ff400000, 0x00000000ff500000, 0x00000000ff500000|100%| E|  |TAMS 0x00000000ff400000, 0x00000000ff400000| Complete 
|  53|0x00000000ff500000, 0x00000000ff600000, 0x00000000ff600000|100%| E|CS|TAMS 0x00000000ff500000, 0x00000000ff500000| Complete 
|  54|0x00000000ff600000, 0x00000000ff700000, 0x00000000ff700000|100%| E|CS|TAMS 0x00000000ff600000, 0x00000000ff600000| Complete 
|  55|0x00000000ff700000, 0x00000000ff800000, 0x00000000ff800000|100%| E|CS|TAMS 0x00000000ff700000, 0x00000000ff700000| Complete 
|  56|0x00000000ff800000, 0x00000000ff900000, 0x00000000ff900000|100%| E|CS|TAMS 0x00000000ff800000, 0x00000000ff800000| Complete 
|  57|0x00000000ff900000, 0x00000000ffa00000, 0x00000000ffa00000|100%| E|CS|TAMS 0x00000000ff900000, 0x00000000ff900000| Complete 
|  58|0x00000000ffa00000, 0x00000000ffb00000, 0x00000000ffb00000|100%| E|CS|TAMS 0x00000000ffa00000, 0x00000000ffa00000| Complete 
|  59|0x00000000ffb00000, 0x00000000ffc00000, 0x00000000ffc00000|100%| E|CS|TAMS 0x00000000ffb00000, 0x00000000ffb00000| Complete 
|  60|0x00000000ffc00000, 0x00000000ffd00000, 0x00000000ffd00000|100%| E|CS|TAMS 0x00000000ffc00000, 0x00000000ffc00000| Complete 
|  61|0x00000000ffd00000, 0x00000000ffe00000, 0x00000000ffe00000|100%| E|CS|TAMS 0x00000000ffd00000, 0x00000000ffd00000| Complete 
|  62|0x00000000ffe00000, 0x00000000fff00000, 0x00000000fff00000|100%| E|CS|TAMS 0x00000000ffe00000, 0x00000000ffe00000| Complete 
|  63|0x00000000fff00000, 0x0000000100000000, 0x0000000100000000|100%| E|CS|TAMS 0x00000000fff00000, 0x00000000fff00000| Complete 

Card table byte_map: [0x0000020862610000,0x0000020862630000] _byte_map_base: 0x0000020861e30000

Marking Bits (Prev, Next): (CMBitMap*) 0x0000020849d2eff8, (CMBitMap*) 0x0000020849d2f030
 Prev Bits: [0x0000020862650000, 0x0000020862750000)
 Next Bits: [0x0000020862750000, 0x0000020862850000)

Polling page: 0x0000020849de0000

Metaspace:

Usage:
  Non-class:      7.03 MB capacity,     6.87 MB ( 98%) used,   152.80 KB (  2%) free+waste,     5.88 KB ( <1%) overhead. 
      Class:    754.00 KB capacity,   698.59 KB ( 93%) used,    52.60 KB (  7%) free+waste,     2.81 KB ( <1%) overhead. 
       Both:      7.77 MB capacity,     7.56 MB ( 97%) used,   205.40 KB (  3%) free+waste,     8.69 KB ( <1%) overhead. 

Virtual space:
  Non-class space:       12.00 MB reserved,       7.25 MB ( 60%) committed 
      Class space:        1.00 GB reserved,     768.00 KB ( <1%) committed 
             Both:        1.01 GB reserved,       8.00 MB ( <1%) committed 

Chunk freelists:
   Non-Class:  4.25 KB
       Class:  1.75 KB
        Both:  6.00 KB

CodeHeap 'non-profiled nmethods': size=120000Kb used=187Kb max_used=187Kb free=119812Kb
 bounds [0x000002085a680000, 0x000002085a8f0000, 0x0000020861bb0000]
CodeHeap 'profiled nmethods': size=120000Kb used=1112Kb max_used=1112Kb free=118887Kb
 bounds [0x0000020853150000, 0x00000208533c0000, 0x000002085a680000]
CodeHeap 'non-nmethods': size=5760Kb used=1062Kb max_used=1078Kb free=4697Kb
 bounds [0x0000020852bb0000, 0x0000020852e20000, 0x0000020853150000]
 total_blobs=979 nmethods=624 adapters=267
 compilation: enabled
              stopped_count=0, restarted_count=0
 full_count=0

Compilation events (10 events):
Event: 13.404 Thread 0x0000020865283000  615       3       java.util.zip.ZipUtils::CH (8 bytes)
Event: 13.404 Thread 0x0000020865283000 nmethod 615 0x000002085325d410 code [0x000002085325d5a0, 0x000002085325d6b8]
Event: 13.581 Thread 0x0000020865283000  616       3       java.lang.String::equalsIgnoreCase (45 bytes)
Event: 13.582 Thread 0x0000020865283000 nmethod 616 0x000002085325d790 code [0x000002085325d980, 0x000002085325dec8]
Event: 13.582 Thread 0x0000020865283000  617       1       sun.nio.fs.WindowsPath::getFileSystem (5 bytes)
Event: 13.582 Thread 0x0000020865283000 nmethod 617 0x000002085a6aea10 code [0x000002085a6aeba0, 0x000002085a6aec58]
Event: 14.000 Thread 0x00000208652df000  618       4       java.util.HashMap::putVal (300 bytes)
Event: 14.004 Thread 0x0000020865283000  619       3       java.lang.ClassLoader::checkPackageAccess (102 bytes)
Event: 14.005 Thread 0x0000020865283000 nmethod 619 0x000002085325e090 code [0x000002085325e320, 0x000002085325ee08]
Event: 14.006 Thread 0x0000020865283000  621       3       java.lang.String::concat (115 bytes)

GC Heap History (0 events):
No events

Deoptimization events (6 events):
Event: 0.813 Thread 0x0000020849d13000 Uncommon trap: reason=unstable_if action=reinterpret pc=0x000002085a683f90 method=java.lang.String.hashCode()I @ 14 c2
Event: 6.815 Thread 0x0000020849d13000 Uncommon trap: reason=unstable_if action=reinterpret pc=0x000002085a698a08 method=java.util.regex.Pattern.append(II)V @ 6 c2
Event: 7.420 Thread 0x0000020849d13000 Uncommon trap: reason=class_check action=maybe_recompile pc=0x000002085a6a4238 method=java.util.HashMap.putVal(ILjava/lang/Object;Ljava/lang/Object;ZZ)Ljava/lang/Object; @ 203 c2
Event: 10.758 Thread 0x0000020849d13000 Uncommon trap: reason=class_check action=maybe_recompile pc=0x000002085a6a417c method=java.util.HashMap.putVal(ILjava/lang/Object;Ljava/lang/Object;ZZ)Ljava/lang/Object; @ 91 c2
Event: 11.082 Thread 0x0000020849d13000 Uncommon trap: reason=class_check action=maybe_recompile pc=0x000002085a6a4238 method=java.util.HashMap.putVal(ILjava/lang/Object;Ljava/lang/Object;ZZ)Ljava/lang/Object; @ 203 c2
Event: 11.183 Thread 0x0000020849d13000 Uncommon trap: reason=class_check action=maybe_recompile pc=0x000002085a6a417c method=java.util.HashMap.putVal(ILjava/lang/Object;Ljava/lang/Object;ZZ)Ljava/lang/Object; @ 91 c2

Classes redefined (0 events):
No events

Internal exceptions (8 events):
Event: 3.625 Thread 0x0000020849d13000 Exception <a 'java/lang/NoSuchMethodError'{0x00000000ffc676e8}: java.lang.invoke.DirectMethodHandle$Holder.invokeStaticInit(Ljava/lang/Object;Ljava/lang/Object;)I> (0x00000000ffc676e8) thrown at [./open/src/hotspot/share/interpreter/linkResolver.cpp, line
Event: 3.692 Thread 0x0000020849d13000 Exception <a 'java/lang/NoSuchMethodError'{0x00000000ffb3d358}: java.lang.invoke.DirectMethodHandle$Holder.invokeSpecial(Ljava/lang/Object;Ljava/lang/Object;Ljava/lang/Object;Ljava/lang/Object;)I> (0x00000000ffb3d358) thrown at [./open/src/hotspot/share/i
Event: 3.705 Thread 0x0000020849d13000 Exception <a 'java/lang/NoSuchMethodError'{0x00000000ffb758c8}: java.lang.invoke.DirectMethodHandle$Holder.invokeSpecialIFC(Ljava/lang/Object;Ljava/lang/Object;I)I> (0x00000000ffb758c8) thrown at [./open/src/hotspot/share/interpreter/linkResolver.cpp, lin
Event: 14.003 Thread 0x0000020849d13000 Exception <a 'java/lang/OutOfMemoryError'{0x00000000ff138a40}> (0x00000000ff138a40) thrown at [./open/src/hotspot/share/prims/jni.cpp, line 632]
Event: 14.004 Thread 0x0000020849d13000 Exception <a 'java/lang/OutOfMemoryError'{0x00000000ff138a40}> (0x00000000ff138a40) thrown at [./open/src/hotspot/share/prims/jvm.cpp, line 1309]
Event: 14.004 Thread 0x0000020849d13000 Exception <a 'java/lang/OutOfMemoryError'{0x00000000ff138a40}> (0x00000000ff138a40) thrown at [./open/src/hotspot/share/prims/jvm.cpp, line 1309]
Event: 14.004 Thread 0x0000020849d13000 Exception <a 'java/lang/OutOfMemoryError'{0x00000000ff138a40}> (0x00000000ff138a40) thrown at [./open/src/hotspot/share/prims/jvm.cpp, line 1309]
Event: 14.004 Thread 0x0000020849d13000 Exception <a 'java/lang/OutOfMemoryError'{0x00000000ff138a40}> (0x00000000ff138a40) thrown at [./open/src/hotspot/share/oops/instanceKlass.cpp, line 1024]

Events (10 events):
Event: 12.833 loading class java/net/URLClassLoader$3$1
Event: 12.833 loading class java/net/URLClassLoader$3$1 done
Event: 14.003 loading class java/util/zip/DataFormatException
Event: 14.004 loading class java/util/zip/DataFormatException done
Event: 14.004 loading class java/security/PrivilegedActionException
Event: 14.004 loading class java/security/PrivilegedActionException done
Event: 14.005 loading class org/gradle/internal/logging/DefaultLoggingConfiguration
Event: 14.005 loading class org/gradle/internal/logging/DefaultLoggingConfiguration done
Event: 14.005 loading class org/gradle/api/logging/LogLevel
Event: 14.005 loading class org/gradle/api/logging/LogLevel done


Dynamic libraries:
0x00007ff684610000 - 0x00007ff68461f000 	C:\Program Files\Java\jdk-11.0.16.1\bin\java.exe
0x00007ffc679d0000 - 0x00007ffc67be4000 	C:\WINDOWS\SYSTEM32\ntdll.dll
0x00007ffc66fa0000 - 0x00007ffc67064000 	C:\WINDOWS\System32\KERNEL32.DLL
0x00007ffc651d0000 - 0x00007ffc65574000 	C:\WINDOWS\System32\KERNELBASE.dll
0x00007ffc64ef0000 - 0x00007ffc65001000 	C:\WINDOWS\System32\ucrtbase.dll
0x00007ffc5b500000 - 0x00007ffc5b518000 	C:\Program Files\Java\jdk-11.0.16.1\bin\jli.dll
0x00007ffc676e0000 - 0x00007ffc67790000 	C:\WINDOWS\System32\ADVAPI32.dll
0x00007ffc67620000 - 0x00007ffc676c7000 	C:\WINDOWS\System32\msvcrt.dll
0x00007ffc677e0000 - 0x00007ffc67886000 	C:\WINDOWS\System32\sechost.dll
0x00007ffc66de0000 - 0x00007ffc66ef7000 	C:\WINDOWS\System32\RPCRT4.dll
0x00007ffc67160000 - 0x00007ffc6730a000 	C:\WINDOWS\System32\USER32.dll
0x00007ffc655f0000 - 0x00007ffc65616000 	C:\WINDOWS\System32\win32u.dll
0x00007ffc677b0000 - 0x00007ffc677d9000 	C:\WINDOWS\System32\GDI32.dll
0x00007ffc65010000 - 0x00007ffc65129000 	C:\WINDOWS\System32\gdi32full.dll
0x00007ffc65130000 - 0x00007ffc651ca000 	C:\WINDOWS\System32\msvcp_win.dll
0x00007ffc5a6e0000 - 0x00007ffc5a6f5000 	C:\Program Files\Java\jdk-11.0.16.1\bin\VCRUNTIME140.dll
0x00007ffc502b0000 - 0x00007ffc5053f000 	C:\WINDOWS\WinSxS\amd64_microsoft.windows.common-controls_6595b64144ccf1df_6.0.22621.2070_none_2713e6537381f706\COMCTL32.dll
0x00007ffc5c860000 - 0x00007ffc5c86a000 	C:\WINDOWS\SYSTEM32\VERSION.dll
0x00007ffc66f60000 - 0x00007ffc66f91000 	C:\WINDOWS\System32\IMM32.DLL
0x00007ffc2b8b0000 - 0x00007ffc2b94b000 	C:\Program Files\Java\jdk-11.0.16.1\bin\msvcp140.dll
0x00007ffc1b500000 - 0x00007ffc1c018000 	C:\Program Files\Java\jdk-11.0.16.1\bin\server\jvm.dll
0x00007ffc677a0000 - 0x00007ffc677a8000 	C:\WINDOWS\System32\PSAPI.DLL
0x00007ffc4f5c0000 - 0x00007ffc4f5c9000 	C:\WINDOWS\SYSTEM32\WSOCK32.dll
0x00007ffc670e0000 - 0x00007ffc67151000 	C:\WINDOWS\System32\WS2_32.dll
0x00007ffc5b390000 - 0x00007ffc5b3c4000 	C:\WINDOWS\SYSTEM32\WINMM.dll
0x00007ffc63df0000 - 0x00007ffc63e08000 	C:\WINDOWS\SYSTEM32\kernel.appcore.dll
0x00007ffc59800000 - 0x00007ffc59810000 	C:\Program Files\Java\jdk-11.0.16.1\bin\verify.dll
0x00007ffc5f720000 - 0x00007ffc5f94e000 	C:\WINDOWS\SYSTEM32\DBGHELP.DLL
0x00007ffc657b0000 - 0x00007ffc65b3a000 	C:\WINDOWS\System32\combase.dll
0x00007ffc67890000 - 0x00007ffc67967000 	C:\WINDOWS\System32\OLEAUT32.dll
0x00007ffc5b0f0000 - 0x00007ffc5b122000 	C:\WINDOWS\SYSTEM32\dbgcore.DLL
0x00007ffc64e70000 - 0x00007ffc64eea000 	C:\WINDOWS\System32\bcryptPrimitives.dll
0x00007ffc3a240000 - 0x00007ffc3a268000 	C:\Program Files\Java\jdk-11.0.16.1\bin\java.dll
0x00007ffc591e0000 - 0x00007ffc591ea000 	C:\Program Files\Java\jdk-11.0.16.1\bin\jimage.dll
0x00007ffc4ea60000 - 0x00007ffc4ea76000 	C:\Program Files\Java\jdk-11.0.16.1\bin\zip.dll
0x00007ffc65b40000 - 0x00007ffc66356000 	C:\WINDOWS\System32\SHELL32.dll
0x00007ffc62d80000 - 0x00007ffc6366a000 	C:\WINDOWS\SYSTEM32\windows.storage.dll
0x00007ffc62c40000 - 0x00007ffc62d7e000 	C:\WINDOWS\SYSTEM32\wintypes.dll
0x00007ffc67310000 - 0x00007ffc67403000 	C:\WINDOWS\System32\SHCORE.dll
0x00007ffc66f00000 - 0x00007ffc66f5e000 	C:\WINDOWS\System32\shlwapi.dll
0x00007ffc64ce0000 - 0x00007ffc64d06000 	C:\WINDOWS\SYSTEM32\profapi.dll
0x00007ffc3cac0000 - 0x00007ffc3cad9000 	C:\Program Files\Java\jdk-11.0.16.1\bin\net.dll
0x00007ffc5b6e0000 - 0x00007ffc5b817000 	C:\WINDOWS\SYSTEM32\WINHTTP.dll
0x00007ffc64270000 - 0x00007ffc642d9000 	C:\WINDOWS\system32\mswsock.dll
0x00007ffc369e0000 - 0x00007ffc369f2000 	C:\Program Files\Java\jdk-11.0.16.1\bin\nio.dll

dbghelp: loaded successfully - version: 4.0.5 - missing functions: none
symbol engine: initialized successfully - sym options: 0x614 - pdb path: .;C:\Program Files\Java\jdk-11.0.16.1\bin;C:\WINDOWS\SYSTEM32;C:\WINDOWS\WinSxS\amd64_microsoft.windows.common-controls_6595b64144ccf1df_6.0.22621.2070_none_2713e6537381f706;C:\Program Files\Java\jdk-11.0.16.1\bin\server

VM Arguments:
jvm_args: -Xmx64m -Xms64m -Dorg.gradle.appname=gradlew 
java_command: org.gradle.wrapper.GradleWrapperMain tasks
java_class_path (initial): C:\Users\Shruti\Desktop\UserEcom\android\\gradle\wrapper\gradle-wrapper.jar
Launcher Type: SUN_STANDARD

[Global flags]
     intx CICompilerCount                          = 4                                         {product} {ergonomic}
     uint ConcGCThreads                            = 2                                         {product} {ergonomic}
     uint G1ConcRefinementThreads                  = 8                                         {product} {ergonomic}
   size_t G1HeapRegionSize                         = 1048576                                   {product} {ergonomic}
    uintx GCDrainStackTargetSize                   = 64                                        {product} {ergonomic}
   size_t InitialHeapSize                          = 67108864                                  {product} {command line}
   size_t MarkStackSize                            = 4194304                                   {product} {ergonomic}
   size_t MaxHeapSize                              = 67108864                                  {product} {command line}
   size_t MaxNewSize                               = 39845888                                  {product} {ergonomic}
   size_t MinHeapDeltaBytes                        = 1048576                                   {product} {ergonomic}
    uintx NonNMethodCodeHeapSize                   = 5836300                                {pd product} {ergonomic}
    uintx NonProfiledCodeHeapSize                  = 122910970                              {pd product} {ergonomic}
    uintx ProfiledCodeHeapSize                     = 122910970                              {pd product} {ergonomic}
    uintx ReservedCodeCacheSize                    = 251658240                              {pd product} {ergonomic}
     bool SegmentedCodeCache                       = true                                      {product} {ergonomic}
     bool UseCompressedClassPointers               = true                                 {lp64_product} {ergonomic}
     bool UseCompressedOops                        = true                                 {lp64_product} {ergonomic}
     bool UseG1GC                                  = true                                      {product} {ergonomic}
     bool UseLargePagesIndividualAllocation        = false                                  {pd product} {ergonomic}

Logging:
Log output configuration:
 #0: stdout all=warning uptime,level,tags
 #1: stderr all=off uptime,level,tags

Environment Variables:
JAVA_HOME=C:\Program Files\Java\jdk-11.0.16.1
CLASSPATH=C:\Users\Shruti\Desktop\UserEcom\android\\gradle\wrapper\gradle-wrapper.jar
PATH=C:\Users\Shruti\Desktop\UserEcom\node_modules\.bin;C:\Users\Shruti\Desktop\UserEcom\node_modules\.bin;C:\Users\Shruti\Desktop\node_modules\.bin;C:\Users\Shruti\node_modules\.bin;C:\Users\node_modules\.bin;C:\node_modules\.bin;C:\Users\Shruti\AppData\Roaming\nvm\v16.19.0\node_modules\npm\node_modules\@npmcli\run-script\lib\node-gyp-bin;C:\Users\Shruti\AppData\Local\Temp\yarn--1692351279617-0.9458434989358082;C:\Users\Shruti\Desktop\UserEcom\node_modules\.bin;C:\Users\Shruti\AppData\Local\Yarn\Data\link\node_modules\.bin;C:\Users\Shruti\AppData\Local\Yarn\bin;C:\Program Files\libexec\lib\node_modules\npm\bin\node-gyp-bin;C:\Program Files\lib\node_modules\npm\bin\node-gyp-bin;C:\Program Files\nodejs\node_modules\npm\bin\node-gyp-bin;C:\Users\Shruti\bin;C:\Program Files\Git\mingw64\bin;C:\Program Files\Git\usr\local\bin;C:\Program Files\Git\usr\bin;C:\Program Files\Git\usr\bin;C:\Program Files\Git\mingw64\bin;C:\Program Files\Git\usr\bin;C:\Users\Shruti\bin;C:\Program Files\Microsoft\jdk-11.0.18.10-hotspot\bin;C:\Program Files\Common Files\Oracle\Java\javapath;C:\WINDOWS\system32;C:\WINDOWS;C:\WINDOWS\System32\Wbem;C:\WINDOWS\System32\WindowsPowerShell\v1.0;C:\WINDOWS\System32\OpenSSH;C:\Program Files\Java\jdk-11.0.16.1\bin;C:\Users\Shruti\AppData\Roaming\nvm;C:\Program Files\nodejs;C:\Program Files\Git\cmd;C:\ProgramData\chocolatey\bin;C:\Program Files\nodejs;C:\Users\Shruti\AppData\Local\Android\Sdk\platform-tools;C:\Users\Shruti\AppData\Local\Android\Sdk\tools;C:\Users\Shruti\AppData\Local\Microsoft\WindowsApps;C:\Users\Shruti\AppData\Roaming\nvm;C:\Program Files\nodejs;C:\Users\Shruti\AppData\Roaming\npm;C:\Users\Shruti\AppData\Local\Programs\Microsoft VS Code\bin;C:\Program Files\Git\usr\bin\vendor_perl;C:\Program Files\Git\usr\bin\core_perl
USERNAME=Dell
SHELL=C:\Program Files\Git\usr\bin\bash.exe
DISPLAY=needs-to-be-defined
OS=Windows_NT
PROCESSOR_IDENTIFIER=Intel64 Family 6 Model 142 Stepping 10, GenuineIntel



---------------  S Y S T E M  ---------------

OS: Windows 11 , 64 bit Build 22621 (10.0.22621.2070)

CPU:total 8 (initial active 8) (4 cores per cpu, 2 threads per core) family 6 model 142 stepping 10 microcode 0xf0, cmov, cx8, fxsr, mmx, sse, sse2, sse3, ssse3, sse4.1, sse4.2, popcnt, avx, avx2, aes, clmul, erms, rtm, 3dnowpref, lzcnt, ht, tsc, tscinvbit, bmi1, bmi2, adx, fma

Memory: 4k page, system-wide physical 16262M (1349M free)
TotalPageFile size 29103M (AvailPageFile size 8M)
current process WorkingSet (physical memory assigned to process): 51M, peak: 51M
current process commit charge ("private bytes"): 144M, peak: 144M

vm_info: Java HotSpot(TM) 64-Bit Server VM (11.0.16.1+1-LTS-1) for windows-amd64 JRE (11.0.16.1+1-LTS-1), built on Aug 16 2022 01:46:01 by "mach5one" with MS VC++ 15.9 (VS2017)

END.
