#
# There is insufficient memory for the Java Runtime Environment to continue.
# Native memory allocation (malloc) failed to allocate 32744 bytes for ChunkPool::allocate
# Possible reasons:
#   The system is out of physical RAM or swap space
#   The process is running with CompressedOops enabled, and the Java Heap may be blocking the growth of the native heap
# Possible solutions:
#   Reduce memory load on the system
#   Increase physical memory or swap space
#   Check if swap backing store is full
#   Decrease Java heap size (-Xmx/-Xms)
#   Decrease number of Java threads
#   Set larger code cache with -XX:ReservedCodeCacheSize=
#   JVM is running with Unscaled Compressed Oops mode in which the Java heap is
#     placed in the first 4GB address space. The Java Heap base address is the
#     maximum limit for the native heap growth. Please use -XX:HeapBaseMinAddress
#     to set the Java Heap base and to place the Java Heap above 4GB virtual address.
# This output file may be truncated or incomplete.
#
#  Out of Memory Error (./open/src/hotspot/share/memory/arena.cpp:81), pid=14156, tid=24016
#
# JRE version: Java(TM) SE Runtime Environment 18.9 (11.0.16.1+1) (build 11.0.16.1+1-LTS-1)
# Java VM: Java HotSpot(TM) 64-Bit Server VM 18.9 (11.0.16.1+1-LTS-1, mixed mode, tiered, compressed oops, g1 gc, windows-amd64)
# No core dump will be written. Minidumps are not enabled by default on client versions of Windows
#

---------------  S U M M A R Y ------------

Command Line: -Xmx64m -Xms64m -Dorg.gradle.appname=gradlew org.gradle.wrapper.GradleWrapperMain tasks

Host: Intel(R) Core(TM) i5-8350U CPU @ 1.70GHz, 8 cores, 15G,  Windows 11 , 64 bit Build 22621 (10.0.22621.2070)
Time: Fri Aug 18 15:23:41 2023 India Standard Time elapsed time: 1.832266 seconds (0d 0h 0m 1s)

---------------  T H R E A D  ---------------

Current thread (0x000001b4ebd5d800):  JavaThread "C2 CompilerThread0" daemon [_thread_in_native, id=24016, stack(0x00000010eae00000,0x00000010eaf00000)]


Current CompileTask:
C2:   1832  224       4       java.lang.String::codePointAt (50 bytes)

Stack: [0x00000010eae00000,0x00000010eaf00000]
Native frames: (J=compiled Java code, j=interpreted, Vv=VM code, C=native code)
V  [jvm.dll+0x62a3da]
V  [jvm.dll+0x76407f]
V  [jvm.dll+0x765729]
V  [jvm.dll+0x765db3]
V  [jvm.dll+0x23dc18]
V  [jvm.dll+0xb2c7b]
V  [jvm.dll+0xb2fdc]
V  [jvm.dll+0xb2b2b]
V  [jvm.dll+0x60a6df]
V  [jvm.dll+0x659bb4]
V  [jvm.dll+0x18cedd]
V  [jvm.dll+0x1f8792]
V  [jvm.dll+0x1f786d]
V  [jvm.dll+0x177c81]
V  [jvm.dll+0x207186]
V  [jvm.dll+0x20531b]
V  [jvm.dll+0x729f60]
V  [jvm.dll+0x722b34]
V  [jvm.dll+0x629276]
C  [ucrtbase.dll+0x29363]
C  [KERNEL32.DLL+0x126ad]
C  [ntdll.dll+0x5aa68]


---------------  P R O C E S S  ---------------

Threads class SMR info:
_java_thread_list=0x000001b4ec7afa50, length=10, elements={
0x000001b4d2703000, 0x000001b4ebcc6800, 0x000001b4ebcf3000, 0x000001b4ebd58000,
0x000001b4ebd5a800, 0x000001b4ebd5b800, 0x000001b4ebd5d800, 0x000001b4ec6b5000,
0x000001b4ec6bd000, 0x000001b4ec7ce800
}

Java Threads: ( => current thread )
  0x000001b4d2703000 JavaThread "main" [_thread_blocked, id=20684, stack(0x00000010ea200000,0x00000010ea300000)]
  0x000001b4ebcc6800 JavaThread "Reference Handler" daemon [_thread_blocked, id=20352, stack(0x00000010ea900000,0x00000010eaa00000)]
  0x000001b4ebcf3000 JavaThread "Finalizer" daemon [_thread_blocked, id=12976, stack(0x00000010eaa00000,0x00000010eab00000)]
  0x000001b4ebd58000 JavaThread "Signal Dispatcher" daemon [_thread_blocked, id=21200, stack(0x00000010eab00000,0x00000010eac00000)]
  0x000001b4ebd5a800 JavaThread "Attach Listener" daemon [_thread_blocked, id=16436, stack(0x00000010eac00000,0x00000010ead00000)]
  0x000001b4ebd5b800 JavaThread "Service Thread" daemon [_thread_blocked, id=21904, stack(0x00000010ead00000,0x00000010eae00000)]
=>0x000001b4ebd5d800 JavaThread "C2 CompilerThread0" daemon [_thread_in_native, id=24016, stack(0x00000010eae00000,0x00000010eaf00000)]
  0x000001b4ec6b5000 JavaThread "C1 CompilerThread0" daemon [_thread_blocked, id=13068, stack(0x00000010eaf00000,0x00000010eb000000)]
  0x000001b4ec6bd000 JavaThread "Sweeper thread" daemon [_thread_blocked, id=24432, stack(0x00000010eb000000,0x00000010eb100000)]
  0x000001b4ec7ce800 JavaThread "Common-Cleaner" daemon [_thread_blocked, id=7068, stack(0x00000010eb200000,0x00000010eb300000)]

Other Threads:
  0x000001b4ebcc4000 VMThread "VM Thread" [stack: 0x00000010ea800000,0x00000010ea900000] [id=22448]
  0x000001b4ec7cd000 WatcherThread [stack: 0x00000010eb100000,0x00000010eb200000] [id=2968]
  0x000001b4d271a800 GCTaskThread "GC Thread#0" [stack: 0x00000010ea300000,0x00000010ea400000] [id=24512]
  0x000001b4d2720000 ConcurrentGCThread "G1 Main Marker" [stack: 0x00000010ea400000,0x00000010ea500000] [id=15140]
  0x000001b4d2722000 ConcurrentGCThread "G1 Conc#0" [stack: 0x00000010ea500000,0x00000010ea600000] [id=1416]
  0x000001b4d278a800 ConcurrentGCThread "G1 Refine#0" [stack: 0x00000010ea600000,0x00000010ea700000] [id=20344]
  0x000001b4d278b800 ConcurrentGCThread "G1 Young RemSet Sampling" [stack: 0x00000010ea700000,0x00000010ea800000] [id=20200]

Threads with active compile tasks:
C2 CompilerThread0     1867  224       4       java.lang.String::codePointAt (50 bytes)

VM state:not at safepoint (normal execution)

VM Mutex/Monitor currently owned by a thread: None

Heap address: 0x00000000fc000000, size: 64 MB, Compressed Oops mode: 32-bit
Narrow klass base: 0x0000000000000000, Narrow klass shift: 3
Compressed class space size: 1073741824 Address: 0x0000000100000000

Heap:
 garbage-first heap   total 65536K, used 2048K [0x00000000fc000000, 0x0000000100000000)
  region size 1024K, 3 young (3072K), 0 survivors (0K)
 Metaspace       used 6469K, capacity 6534K, committed 6784K, reserved 1056768K
  class space    used 565K, capacity 600K, committed 640K, reserved 1048576K
Heap Regions: E=young(eden), S=young(survivor), O=old, HS=humongous(starts), HC=humongous(continues), CS=collection set, F=free, A=archive, TAMS=top-at-mark-start (previous, next)
|   0|0x00000000fc000000, 0x00000000fc000000, 0x00000000fc100000|  0%| F|  |TAMS 0x00000000fc000000, 0x00000000fc000000| Untracked 
|   1|0x00000000fc100000, 0x00000000fc100000, 0x00000000fc200000|  0%| F|  |TAMS 0x00000000fc100000, 0x00000000fc100000| Untracked 
|   2|0x00000000fc200000, 0x00000000fc200000, 0x00000000fc300000|  0%| F|  |TAMS 0x00000000fc200000, 0x00000000fc200000| Untracked 
|   3|0x00000000fc300000, 0x00000000fc300000, 0x00000000fc400000|  0%| F|  |TAMS 0x00000000fc300000, 0x00000000fc300000| Untracked 
|   4|0x00000000fc400000, 0x00000000fc400000, 0x00000000fc500000|  0%| F|  |TAMS 0x00000000fc400000, 0x00000000fc400000| Untracked 
|   5|0x00000000fc500000, 0x00000000fc500000, 0x00000000fc600000|  0%| F|  |TAMS 0x00000000fc500000, 0x00000000fc500000| Untracked 
|   6|0x00000000fc600000, 0x00000000fc600000, 0x00000000fc700000|  0%| F|  |TAMS 0x00000000fc600000, 0x00000000fc600000| Untracked 
|   7|0x00000000fc700000, 0x00000000fc700000, 0x00000000fc800000|  0%| F|  |TAMS 0x00000000fc700000, 0x00000000fc700000| Untracked 
|   8|0x00000000fc800000, 0x00000000fc800000, 0x00000000fc900000|  0%| F|  |TAMS 0x00000000fc800000, 0x00000000fc800000| Untracked 
|   9|0x00000000fc900000, 0x00000000fc900000, 0x00000000fca00000|  0%| F|  |TAMS 0x00000000fc900000, 0x00000000fc900000| Untracked 
|  10|0x00000000fca00000, 0x00000000fca00000, 0x00000000fcb00000|  0%| F|  |TAMS 0x00000000fca00000, 0x00000000fca00000| Untracked 
|  11|0x00000000fcb00000, 0x00000000fcb00000, 0x00000000fcc00000|  0%| F|  |TAMS 0x00000000fcb00000, 0x00000000fcb00000| Untracked 
|  12|0x00000000fcc00000, 0x00000000fcc00000, 0x00000000fcd00000|  0%| F|  |TAMS 0x00000000fcc00000, 0x00000000fcc00000| Untracked 
|  13|0x00000000fcd00000, 0x00000000fcd00000, 0x00000000fce00000|  0%| F|  |TAMS 0x00000000fcd00000, 0x00000000fcd00000| Untracked 
|  14|0x00000000fce00000, 0x00000000fce00000, 0x00000000fcf00000|  0%| F|  |TAMS 0x00000000fce00000, 0x00000000fce00000| Untracked 
|  15|0x00000000fcf00000, 0x00000000fcf00000, 0x00000000fd000000|  0%| F|  |TAMS 0x00000000fcf00000, 0x00000000fcf00000| Untracked 
|  16|0x00000000fd000000, 0x00000000fd000000, 0x00000000fd100000|  0%| F|  |TAMS 0x00000000fd000000, 0x00000000fd000000| Untracked 
|  17|0x00000000fd100000, 0x00000000fd100000, 0x00000000fd200000|  0%| F|  |TAMS 0x00000000fd100000, 0x00000000fd100000| Untracked 
|  18|0x00000000fd200000, 0x00000000fd200000, 0x00000000fd300000|  0%| F|  |TAMS 0x00000000fd200000, 0x00000000fd200000| Untracked 
|  19|0x00000000fd300000, 0x00000000fd300000, 0x00000000fd400000|  0%| F|  |TAMS 0x00000000fd300000, 0x00000000fd300000| Untracked 
|  20|0x00000000fd400000, 0x00000000fd400000, 0x00000000fd500000|  0%| F|  |TAMS 0x00000000fd400000, 0x00000000fd400000| Untracked 
|  21|0x00000000fd500000, 0x00000000fd500000, 0x00000000fd600000|  0%| F|  |TAMS 0x00000000fd500000, 0x00000000fd500000| Untracked 
|  22|0x00000000fd600000, 0x00000000fd600000, 0x00000000fd700000|  0%| F|  |TAMS 0x00000000fd600000, 0x00000000fd600000| Untracked 
|  23|0x00000000fd700000, 0x00000000fd700000, 0x00000000fd800000|  0%| F|  |TAMS 0x00000000fd700000, 0x00000000fd700000| Untracked 
|  24|0x00000000fd800000, 0x00000000fd800000, 0x00000000fd900000|  0%| F|  |TAMS 0x00000000fd800000, 0x00000000fd800000| Untracked 
|  25|0x00000000fd900000, 0x00000000fd900000, 0x00000000fda00000|  0%| F|  |TAMS 0x00000000fd900000, 0x00000000fd900000| Untracked 
|  26|0x00000000fda00000, 0x00000000fda00000, 0x00000000fdb00000|  0%| F|  |TAMS 0x00000000fda00000, 0x00000000fda00000| Untracked 
|  27|0x00000000fdb00000, 0x00000000fdb00000, 0x00000000fdc00000|  0%| F|  |TAMS 0x00000000fdb00000, 0x00000000fdb00000| Untracked 
|  28|0x00000000fdc00000, 0x00000000fdc00000, 0x00000000fdd00000|  0%| F|  |TAMS 0x00000000fdc00000, 0x00000000fdc00000| Untracked 
|  29|0x00000000fdd00000, 0x00000000fdd00000, 0x00000000fde00000|  0%| F|  |TAMS 0x00000000fdd00000, 0x00000000fdd00000| Untracked 
|  30|0x00000000fde00000, 0x00000000fde00000, 0x00000000fdf00000|  0%| F|  |TAMS 0x00000000fde00000, 0x00000000fde00000| Untracked 
|  31|0x00000000fdf00000, 0x00000000fdf00000, 0x00000000fe000000|  0%| F|  |TAMS 0x00000000fdf00000, 0x00000000fdf00000| Untracked 
|  32|0x00000000fe000000, 0x00000000fe000000, 0x00000000fe100000|  0%| F|  |TAMS 0x00000000fe000000, 0x00000000fe000000| Untracked 
|  33|0x00000000fe100000, 0x00000000fe100000, 0x00000000fe200000|  0%| F|  |TAMS 0x00000000fe100000, 0x00000000fe100000| Untracked 
|  34|0x00000000fe200000, 0x00000000fe200000, 0x00000000fe300000|  0%| F|  |TAMS 0x00000000fe200000, 0x00000000fe200000| Untracked 
|  35|0x00000000fe300000, 0x00000000fe300000, 0x00000000fe400000|  0%| F|  |TAMS 0x00000000fe300000, 0x00000000fe300000| Untracked 
|  36|0x00000000fe400000, 0x00000000fe400000, 0x00000000fe500000|  0%| F|  |TAMS 0x00000000fe400000, 0x00000000fe400000| Untracked 
|  37|0x00000000fe500000, 0x00000000fe500000, 0x00000000fe600000|  0%| F|  |TAMS 0x00000000fe500000, 0x00000000fe500000| Untracked 
|  38|0x00000000fe600000, 0x00000000fe600000, 0x00000000fe700000|  0%| F|  |TAMS 0x00000000fe600000, 0x00000000fe600000| Untracked 
|  39|0x00000000fe700000, 0x00000000fe700000, 0x00000000fe800000|  0%| F|  |TAMS 0x00000000fe700000, 0x00000000fe700000| Untracked 
|  40|0x00000000fe800000, 0x00000000fe800000, 0x00000000fe900000|  0%| F|  |TAMS 0x00000000fe800000, 0x00000000fe800000| Untracked 
|  41|0x00000000fe900000, 0x00000000fe900000, 0x00000000fea00000|  0%| F|  |TAMS 0x00000000fe900000, 0x00000000fe900000| Untracked 
|  42|0x00000000fea00000, 0x00000000fea00000, 0x00000000feb00000|  0%| F|  |TAMS 0x00000000fea00000, 0x00000000fea00000| Untracked 
|  43|0x00000000feb00000, 0x00000000feb00000, 0x00000000fec00000|  0%| F|  |TAMS 0x00000000feb00000, 0x00000000feb00000| Untracked 
|  44|0x00000000fec00000, 0x00000000fec00000, 0x00000000fed00000|  0%| F|  |TAMS 0x00000000fec00000, 0x00000000fec00000| Untracked 
|  45|0x00000000fed00000, 0x00000000fed00000, 0x00000000fee00000|  0%| F|  |TAMS 0x00000000fed00000, 0x00000000fed00000| Untracked 
|  46|0x00000000fee00000, 0x00000000fee00000, 0x00000000fef00000|  0%| F|  |TAMS 0x00000000fee00000, 0x00000000fee00000| Untracked 
|  47|0x00000000fef00000, 0x00000000fef00000, 0x00000000ff000000|  0%| F|  |TAMS 0x00000000fef00000, 0x00000000fef00000| Untracked 
|  48|0x00000000ff000000, 0x00000000ff000000, 0x00000000ff100000|  0%| F|  |TAMS 0x00000000ff000000, 0x00000000ff000000| Untracked 
|  49|0x00000000ff100000, 0x00000000ff100000, 0x00000000ff200000|  0%| F|  |TAMS 0x00000000ff100000, 0x00000000ff100000| Untracked 
|  50|0x00000000ff200000, 0x00000000ff200000, 0x00000000ff300000|  0%| F|  |TAMS 0x00000000ff200000, 0x00000000ff200000| Untracked 
|  51|0x00000000ff300000, 0x00000000ff300000, 0x00000000ff400000|  0%| F|  |TAMS 0x00000000ff300000, 0x00000000ff300000| Untracked 
|  52|0x00000000ff400000, 0x00000000ff400000, 0x00000000ff500000|  0%| F|  |TAMS 0x00000000ff400000, 0x00000000ff400000| Untracked 
|  53|0x00000000ff500000, 0x00000000ff500000, 0x00000000ff600000|  0%| F|  |TAMS 0x00000000ff500000, 0x00000000ff500000| Untracked 
|  54|0x00000000ff600000, 0x00000000ff600000, 0x00000000ff700000|  0%| F|  |TAMS 0x00000000ff600000, 0x00000000ff600000| Untracked 
|  55|0x00000000ff700000, 0x00000000ff700000, 0x00000000ff800000|  0%| F|  |TAMS 0x00000000ff700000, 0x00000000ff700000| Untracked 
|  56|0x00000000ff800000, 0x00000000ff800000, 0x00000000ff900000|  0%| F|  |TAMS 0x00000000ff800000, 0x00000000ff800000| Untracked 
|  57|0x00000000ff900000, 0x00000000ff900000, 0x00000000ffa00000|  0%| F|  |TAMS 0x00000000ff900000, 0x00000000ff900000| Untracked 
|  58|0x00000000ffa00000, 0x00000000ffa00000, 0x00000000ffb00000|  0%| F|  |TAMS 0x00000000ffa00000, 0x00000000ffa00000| Untracked 
|  59|0x00000000ffb00000, 0x00000000ffb00000, 0x00000000ffc00000|  0%| F|  |TAMS 0x00000000ffb00000, 0x00000000ffb00000| Untracked 
|  60|0x00000000ffc00000, 0x00000000ffc00000, 0x00000000ffd00000|  0%| F|  |TAMS 0x00000000ffc00000, 0x00000000ffc00000| Untracked 
|  61|0x00000000ffd00000, 0x00000000ffdf64d0, 0x00000000ffe00000| 96%| E|  |TAMS 0x00000000ffd00000, 0x00000000ffd00000| Complete 
|  62|0x00000000ffe00000, 0x00000000fff00000, 0x00000000fff00000|100%| E|CS|TAMS 0x00000000ffe00000, 0x00000000ffe00000| Complete 
|  63|0x00000000fff00000, 0x0000000100000000, 0x0000000100000000|100%| E|CS|TAMS 0x00000000fff00000, 0x00000000fff00000| Complete 

Card table byte_map: [0x000001b4d2650000,0x000001b4d2670000] _byte_map_base: 0x000001b4d1e70000

Marking Bits (Prev, Next): (CMBitMap*) 0x000001b4d271ee98, (CMBitMap*) 0x000001b4d271eed0
 Prev Bits: [0x000001b4e90e0000, 0x000001b4e91e0000)
 Next Bits: [0x000001b4e91e0000, 0x000001b4e92e0000)

Polling page: 0x000001b4d1ed0000

Metaspace:

Usage:
  Non-class:      5.79 MB capacity,     5.77 MB (>99%) used,    26.77 KB ( <1%) free+waste,     3.19 KB ( <1%) overhead. 
      Class:    600.00 KB capacity,   565.57 KB ( 94%) used,    32.99 KB (  5%) free+waste,     1.44 KB ( <1%) overhead. 
       Both:      6.38 MB capacity,     6.32 MB (>99%) used,    59.76 KB ( <1%) free+waste,     4.63 KB ( <1%) overhead. 

Virtual space:
  Non-class space:        8.00 MB reserved,       6.00 MB ( 75%) committed 
      Class space:        1.00 GB reserved,     640.00 KB ( <1%) committed 
             Both:        1.01 GB reserved,       6.63 MB ( <1%) committed 

Chunk freelists:
   Non-Class:  2.25 KB
       Class:  1.00 KB
        Both:  3.25 KB

CodeHeap 'non-profiled nmethods': size=120000Kb used=50Kb max_used=50Kb free=119949Kb
 bounds [0x000001b4e1870000, 0x000001b4e1ae0000, 0x000001b4e8da0000]
CodeHeap 'profiled nmethods': size=120000Kb used=325Kb max_used=325Kb free=119674Kb
 bounds [0x000001b4da340000, 0x000001b4da5b0000, 0x000001b4e1870000]
CodeHeap 'non-nmethods': size=5760Kb used=1058Kb max_used=1070Kb free=4701Kb
 bounds [0x000001b4d9da0000, 0x000001b4da010000, 0x000001b4da340000]
 total_blobs=575 nmethods=223 adapters=264
 compilation: enabled
              stopped_count=0, restarted_count=0
 full_count=0

Compilation events (10 events):
Event: 1.825 Thread 0x000001b4ec6b5000  216       3       java.util.regex.Matcher::match (154 bytes)
Event: 1.826 Thread 0x000001b4ec6b5000 nmethod 216 0x000001b4da387c10 code [0x000001b4da387e00, 0x000001b4da388378]
Event: 1.826 Thread 0x000001b4ec6b5000  217       3       java.util.regex.Pattern$BnM::optimize (179 bytes)
Event: 1.827 Thread 0x000001b4ec6b5000 nmethod 217 0x000001b4da388590 code [0x000001b4da3887e0, 0x000001b4da389548]
Event: 1.827 Thread 0x000001b4ec6b5000  218       3       java.util.regex.Pattern::atom (422 bytes)
Event: 1.827 Thread 0x000001b4ebd5d800  222       4       java.lang.String::checkIndex (46 bytes)
Event: 1.828 Thread 0x000001b4ebd5d800 nmethod 222 0x000001b4e187c390 code [0x000001b4e187c500, 0x000001b4e187c578]
Event: 1.828 Thread 0x000001b4ebd5d800  223       4       java.lang.Character::charCount (12 bytes)
Event: 1.828 Thread 0x000001b4ebd5d800 nmethod 223 0x000001b4e187c610 code [0x000001b4e187c780, 0x000001b4e187c7d8]
Event: 1.828 Thread 0x000001b4ebd5d800  224       4       java.lang.String::codePointAt (50 bytes)

GC Heap History (0 events):
No events

Deoptimization events (1 events):
Event: 1.178 Thread 0x000001b4d2703000 Uncommon trap: reason=unstable_if action=reinterpret pc=0x000001b4e18747fc method=java.lang.String.hashCode()I @ 14 c2

Classes redefined (0 events):
No events

Internal exceptions (0 events):
No events

Events (10 events):
Event: 1.820 loading class java/io/RandomAccessFile$1
Event: 1.820 loading class java/io/RandomAccessFile$1 done
Event: 1.829 loading class java/net/URLClassLoader$7
Event: 1.829 loading class jdk/internal/access/JavaNetURLClassLoaderAccess
Event: 1.829 loading class jdk/internal/access/JavaNetURLClassLoaderAccess done
Event: 1.829 loading class java/net/URLClassLoader$7 done
Event: 1.830 loading class org/gradle/launcher/GradleMain
Event: 1.830 loading class org/gradle/launcher/GradleMain done
Event: 1.830 loading class java/net/URLClassLoader$1
Event: 1.830 loading class java/net/URLClassLoader$1 done


Dynamic libraries:
0x00007ff684610000 - 0x00007ff68461f000 	C:\Program Files\Java\jdk-11.0.16.1\bin\java.exe
0x00007ffc679d0000 - 0x00007ffc67be4000 	C:\WINDOWS\SYSTEM32\ntdll.dll
0x00007ffc66fa0000 - 0x00007ffc67064000 	C:\WINDOWS\System32\KERNEL32.DLL
0x00007ffc651d0000 - 0x00007ffc65574000 	C:\WINDOWS\System32\KERNELBASE.dll
0x00007ffc64ef0000 - 0x00007ffc65001000 	C:\WINDOWS\System32\ucrtbase.dll
0x00007ffc5b500000 - 0x00007ffc5b518000 	C:\Program Files\Java\jdk-11.0.16.1\bin\jli.dll
0x00007ffc676e0000 - 0x00007ffc67790000 	C:\WINDOWS\System32\ADVAPI32.dll
0x00007ffc67620000 - 0x00007ffc676c7000 	C:\WINDOWS\System32\msvcrt.dll
0x00007ffc677e0000 - 0x00007ffc67886000 	C:\WINDOWS\System32\sechost.dll
0x00007ffc66de0000 - 0x00007ffc66ef7000 	C:\WINDOWS\System32\RPCRT4.dll
0x00007ffc67160000 - 0x00007ffc6730a000 	C:\WINDOWS\System32\USER32.dll
0x00007ffc655f0000 - 0x00007ffc65616000 	C:\WINDOWS\System32\win32u.dll
0x00007ffc677b0000 - 0x00007ffc677d9000 	C:\WINDOWS\System32\GDI32.dll
0x00007ffc5a6e0000 - 0x00007ffc5a6f5000 	C:\Program Files\Java\jdk-11.0.16.1\bin\VCRUNTIME140.dll
0x00007ffc502b0000 - 0x00007ffc5053f000 	C:\WINDOWS\WinSxS\amd64_microsoft.windows.common-controls_6595b64144ccf1df_6.0.22621.2070_none_2713e6537381f706\COMCTL32.dll
0x00007ffc65010000 - 0x00007ffc65129000 	C:\WINDOWS\System32\gdi32full.dll
0x00007ffc65130000 - 0x00007ffc651ca000 	C:\WINDOWS\System32\msvcp_win.dll
0x00007ffc5c860000 - 0x00007ffc5c86a000 	C:\WINDOWS\SYSTEM32\VERSION.dll
0x00007ffc66f60000 - 0x00007ffc66f91000 	C:\WINDOWS\System32\IMM32.DLL
0x00007ffc2b8b0000 - 0x00007ffc2b94b000 	C:\Program Files\Java\jdk-11.0.16.1\bin\msvcp140.dll
0x00007ffc1b500000 - 0x00007ffc1c018000 	C:\Program Files\Java\jdk-11.0.16.1\bin\server\jvm.dll
0x00007ffc677a0000 - 0x00007ffc677a8000 	C:\WINDOWS\System32\PSAPI.DLL
0x00007ffc4f5c0000 - 0x00007ffc4f5c9000 	C:\WINDOWS\SYSTEM32\WSOCK32.dll
0x00007ffc670e0000 - 0x00007ffc67151000 	C:\WINDOWS\System32\WS2_32.dll
0x00007ffc5b390000 - 0x00007ffc5b3c4000 	C:\WINDOWS\SYSTEM32\WINMM.dll
0x00007ffc63df0000 - 0x00007ffc63e08000 	C:\WINDOWS\SYSTEM32\kernel.appcore.dll
0x00007ffc59800000 - 0x00007ffc59810000 	C:\Program Files\Java\jdk-11.0.16.1\bin\verify.dll
0x00007ffc5f720000 - 0x00007ffc5f94e000 	C:\WINDOWS\SYSTEM32\DBGHELP.DLL
0x00007ffc657b0000 - 0x00007ffc65b3a000 	C:\WINDOWS\System32\combase.dll
0x00007ffc67890000 - 0x00007ffc67967000 	C:\WINDOWS\System32\OLEAUT32.dll
0x00007ffc5b0f0000 - 0x00007ffc5b122000 	C:\WINDOWS\SYSTEM32\dbgcore.DLL
0x00007ffc64e70000 - 0x00007ffc64eea000 	C:\WINDOWS\System32\bcryptPrimitives.dll
0x00007ffc3a240000 - 0x00007ffc3a268000 	C:\Program Files\Java\jdk-11.0.16.1\bin\java.dll
0x00007ffc591e0000 - 0x00007ffc591ea000 	C:\Program Files\Java\jdk-11.0.16.1\bin\jimage.dll
0x00007ffc4ea60000 - 0x00007ffc4ea76000 	C:\Program Files\Java\jdk-11.0.16.1\bin\zip.dll
0x00007ffc65b40000 - 0x00007ffc66356000 	C:\WINDOWS\System32\SHELL32.dll
0x00007ffc62d80000 - 0x00007ffc6366a000 	C:\WINDOWS\SYSTEM32\windows.storage.dll
0x00007ffc62c40000 - 0x00007ffc62d7e000 	C:\WINDOWS\SYSTEM32\wintypes.dll
0x00007ffc67310000 - 0x00007ffc67403000 	C:\WINDOWS\System32\SHCORE.dll
0x00007ffc66f00000 - 0x00007ffc66f5e000 	C:\WINDOWS\System32\shlwapi.dll
0x00007ffc64ce0000 - 0x00007ffc64d06000 	C:\WINDOWS\SYSTEM32\profapi.dll
0x00007ffc3cac0000 - 0x00007ffc3cad9000 	C:\Program Files\Java\jdk-11.0.16.1\bin\net.dll
0x00007ffc5b6e0000 - 0x00007ffc5b817000 	C:\WINDOWS\SYSTEM32\WINHTTP.dll
0x00007ffc64270000 - 0x00007ffc642d9000 	C:\WINDOWS\system32\mswsock.dll
0x00007ffc369e0000 - 0x00007ffc369f2000 	C:\Program Files\Java\jdk-11.0.16.1\bin\nio.dll

dbghelp: loaded successfully - version: 4.0.5 - missing functions: none
symbol engine: initialized successfully - sym options: 0x614 - pdb path: .;C:\Program Files\Java\jdk-11.0.16.1\bin;C:\WINDOWS\SYSTEM32;C:\WINDOWS\WinSxS\amd64_microsoft.windows.common-controls_6595b64144ccf1df_6.0.22621.2070_none_2713e6537381f706;C:\Program Files\Java\jdk-11.0.16.1\bin\server

VM Arguments:
jvm_args: -Xmx64m -Xms64m -Dorg.gradle.appname=gradlew 
java_command: org.gradle.wrapper.GradleWrapperMain tasks
java_class_path (initial): C:\Users\Shruti\Desktop\UserEcom\android\\gradle\wrapper\gradle-wrapper.jar
Launcher Type: SUN_STANDARD

[Global flags]
     intx CICompilerCount                          = 4                                         {product} {ergonomic}
     uint ConcGCThreads                            = 2                                         {product} {ergonomic}
     uint G1ConcRefinementThreads                  = 8                                         {product} {ergonomic}
   size_t G1HeapRegionSize                         = 1048576                                   {product} {ergonomic}
    uintx GCDrainStackTargetSize                   = 64                                        {product} {ergonomic}
   size_t InitialHeapSize                          = 67108864                                  {product} {command line}
   size_t MarkStackSize                            = 4194304                                   {product} {ergonomic}
   size_t MaxHeapSize                              = 67108864                                  {product} {command line}
   size_t MaxNewSize                               = 39845888                                  {product} {ergonomic}
   size_t MinHeapDeltaBytes                        = 1048576                                   {product} {ergonomic}
    uintx NonNMethodCodeHeapSize                   = 5836300                                {pd product} {ergonomic}
    uintx NonProfiledCodeHeapSize                  = 122910970                              {pd product} {ergonomic}
    uintx ProfiledCodeHeapSize                     = 122910970                              {pd product} {ergonomic}
    uintx ReservedCodeCacheSize                    = 251658240                              {pd product} {ergonomic}
     bool SegmentedCodeCache                       = true                                      {product} {ergonomic}
     bool UseCompressedClassPointers               = true                                 {lp64_product} {ergonomic}
     bool UseCompressedOops                        = true                                 {lp64_product} {ergonomic}
     bool UseG1GC                                  = true                                      {product} {ergonomic}
     bool UseLargePagesIndividualAllocation        = false                                  {pd product} {ergonomic}

Logging:
Log output configuration:
 #0: stdout all=warning uptime,level,tags
 #1: stderr all=off uptime,level,tags

Environment Variables:
JAVA_HOME=C:\Program Files\Java\jdk-11.0.16.1
CLASSPATH=C:\Users\Shruti\Desktop\UserEcom\android\\gradle\wrapper\gradle-wrapper.jar
PATH=C:\Users\Shruti\Desktop\UserEcom\node_modules\.bin;C:\Users\Shruti\Desktop\UserEcom\node_modules\.bin;C:\Users\Shruti\Desktop\node_modules\.bin;C:\Users\Shruti\node_modules\.bin;C:\Users\node_modules\.bin;C:\node_modules\.bin;C:\Users\Shruti\AppData\Roaming\nvm\v16.19.0\node_modules\npm\node_modules\@npmcli\run-script\lib\node-gyp-bin;C:\Users\Shruti\AppData\Local\Temp\yarn--1692351279617-0.9458434989358082;C:\Users\Shruti\Desktop\UserEcom\node_modules\.bin;C:\Users\Shruti\AppData\Local\Yarn\Data\link\node_modules\.bin;C:\Users\Shruti\AppData\Local\Yarn\bin;C:\Program Files\libexec\lib\node_modules\npm\bin\node-gyp-bin;C:\Program Files\lib\node_modules\npm\bin\node-gyp-bin;C:\Program Files\nodejs\node_modules\npm\bin\node-gyp-bin;C:\Users\Shruti\bin;C:\Program Files\Git\mingw64\bin;C:\Program Files\Git\usr\local\bin;C:\Program Files\Git\usr\bin;C:\Program Files\Git\usr\bin;C:\Program Files\Git\mingw64\bin;C:\Program Files\Git\usr\bin;C:\Users\Shruti\bin;C:\Program Files\Microsoft\jdk-11.0.18.10-hotspot\bin;C:\Program Files\Common Files\Oracle\Java\javapath;C:\WINDOWS\system32;C:\WINDOWS;C:\WINDOWS\System32\Wbem;C:\WINDOWS\System32\WindowsPowerShell\v1.0;C:\WINDOWS\System32\OpenSSH;C:\Program Files\Java\jdk-11.0.16.1\bin;C:\Users\Shruti\AppData\Roaming\nvm;C:\Program Files\nodejs;C:\Program Files\Git\cmd;C:\ProgramData\chocolatey\bin;C:\Program Files\nodejs;C:\Users\Shruti\AppData\Local\Android\Sdk\platform-tools;C:\Users\Shruti\AppData\Local\Android\Sdk\tools;C:\Users\Shruti\AppData\Local\Microsoft\WindowsApps;C:\Users\Shruti\AppData\Roaming\nvm;C:\Program Files\nodejs;C:\Users\Shruti\AppData\Roaming\npm;C:\Users\Shruti\AppData\Local\Programs\Microsoft VS Code\bin;C:\Program Files\Git\usr\bin\vendor_perl;C:\Program Files\Git\usr\bin\core_perl
USERNAME=Dell
SHELL=C:\Program Files\Git\usr\bin\bash.exe
DISPLAY=needs-to-be-defined
OS=Windows_NT
PROCESSOR_IDENTIFIER=Intel64 Family 6 Model 142 Stepping 10, GenuineIntel



---------------  S Y S T E M  ---------------

OS: Windows 11 , 64 bit Build 22621 (10.0.22621.2070)

CPU:total 8 (initial active 8) (4 cores per cpu, 2 threads per core) family 6 model 142 stepping 10 microcode 0xf0, cmov, cx8, fxsr, mmx, sse, sse2, sse3, ssse3, sse4.1, sse4.2, popcnt, avx, avx2, aes, clmul, erms, rtm, 3dnowpref, lzcnt, ht, tsc, tscinvbit, bmi1, bmi2, adx, fma

Memory: 4k page, system-wide physical 16262M (1349M free)
TotalPageFile size 29103M (AvailPageFile size 4M)
current process WorkingSet (physical memory assigned to process): 34M, peak: 34M
current process commit charge ("private bytes"): 139M, peak: 139M

vm_info: Java HotSpot(TM) 64-Bit Server VM (11.0.16.1+1-LTS-1) for windows-amd64 JRE (11.0.16.1+1-LTS-1), built on Aug 16 2022 01:46:01 by "mach5one" with MS VC++ 15.9 (VS2017)

END.
